Joseph-Jackson: Using SSH key ssh-rsa 4096 15:b3:0f:06:b2:26:0a:c2:e2:d4:8a:50:d0:64:74:e4

File Provider Storage-2: Using SSH key ssh-rsa 4096 15:b3:0f:06:b2:26:0a:c2:e2:d4:8a:50:d0:64:74:e4

File Provider Storage-3: Using SSH key ssh-rsa 4096 15:b3:0f:06:b2:26:0a:c2:e2:d4:8a:50:d0:64:74:e4

external-application-button: Using SSH key ssh-rsa 4096 15:b3:0f:06:b2:26:0a:c2:e2:d4:8a:50:d0:64:74:e4

Joseph-Jackson-3: Using SSH key ssh-rsa 4096 15:b3:0f:06:b2:26:0a:c2:e2:d4:8a:50:d0:64:74:e4

external-application-button: Fetch received nothing.

Joseph-Jackson: Fetch received nothing.

File Provider Storage-2: Fetch received nothing.

File Provider Storage-3: Fetch received nothing.

Joseph-Jackson-3: Enumerating objects: 4, done.

Joseph-Jackson-3: Counting objects:  25% (1/4)
Joseph-Jackson-3: Counting objects:  50% (2/4)Counting objects:  75% (3/4)Counting objects: 100% (4/4)
Joseph-Jackson-3: Counting objects: 100% (4/4), done.

Joseph-Jackson-3: Enumerating objects: 4, done.

Joseph-Jackson-3: Compressing objects:  33% (1/3)Compressing objects:  66% (2/3)
Joseph-Jackson-3: Compressing objects: 100% (3/3)
Joseph-Jackson-3: Compressing objects: 100% (3/3), done.

Joseph-Jackson-3: Counting objects:  25% (1/4)
Joseph-Jackson-3: Counting objects:  50% (2/4)Counting objects:  75% (3/4)Counting objects: 100% (4/4)
Joseph-Jackson-3: Counting objects: 100% (4/4), done.

Joseph-Jackson-3: Compressing objects:  33% (1/3)Compressing objects:  66% (2/3)
Joseph-Jackson-3: Compressing objects: 100% (3/3)
Joseph-Jackson-3: Compressing objects: 100% (3/3), done.

Joseph-Jackson-3: Total 3 (delta 1), reused 2 (delta 0), pack-reused 0

Joseph-Jackson-3: Total 3 (delta 1), reused 2 (delta 0), pack-reused 0

Joseph-Jackson-3: Fetched changes to .gitmodules and File-Provider-Storage-2 on origin/thing.

t-2: Using SSH key ssh-rsa 4096 15:b3:0f:06:b2:26:0a:c2:e2:d4:8a:50:d0:64:74:e4

t: Using SSH key ssh-rsa 4096 15:b3:0f:06:b2:26:0a:c2:e2:d4:8a:50:d0:64:74:e4

t-3: Using SSH key ssh-rsa 4096 15:b3:0f:06:b2:26:0a:c2:e2:d4:8a:50:d0:64:74:e4

t-2: Fetch received nothing.

t: Fetch received nothing.

joseph-jackson-2: Doing token authentication for Daddyzilla337

t-3: Fetch received nothing.

spendinglimits: Fetch received nothing.

joseph-jackson-4: Doing token authentication for Daddyzilla337

joseph-jackson-4: Fetch received nothing.

joseph-jackson-2: Fetch received nothing.

