failed to resolve address for github.com: nodename nor servname provided, or not known
failed to resolve address for github.com: nodename nor servname provided, or not known
Joseph-Jackson: Using SSH key ssh-rsa 4096 15:b3:0f:06:b2:26:0a:c2:e2:d4:8a:50:d0:64:74:e4

Joseph-Jackson-3: Using SSH key ssh-rsa 4096 15:b3:0f:06:b2:26:0a:c2:e2:d4:8a:50:d0:64:74:e4

external-application-button: Using SSH key ssh-rsa 4096 15:b3:0f:06:b2:26:0a:c2:e2:d4:8a:50:d0:64:74:e4

external-application-button: Fetch received nothing.

Joseph-Jackson: Fetch received nothing.

Joseph-Jackson-3: Fetch received nothing.

t-2: Using SSH key ssh-rsa 4096 15:b3:0f:06:b2:26:0a:c2:e2:d4:8a:50:d0:64:74:e4

t: Using SSH key ssh-rsa 4096 15:b3:0f:06:b2:26:0a:c2:e2:d4:8a:50:d0:64:74:e4

spendinglimits: Fetch received nothing.

t: Fetch received nothing.

t-2: Fetch received nothing.

joseph-jackson-2: Doing token authentication for Daddyzilla337

joseph-jackson-2: Fetch received nothing.

joseph-jackson-4: Doing token authentication for Daddyzilla337

t-3: Using SSH key ssh-rsa 4096 15:b3:0f:06:b2:26:0a:c2:e2:d4:8a:50:d0:64:74:e4

joseph-jackson-4: Fetch received nothing.

File Provider Storage-3: Using SSH key ssh-rsa 4096 15:b3:0f:06:b2:26:0a:c2:e2:d4:8a:50:d0:64:74:e4

File Provider Storage-2: Using SSH key ssh-rsa 4096 15:b3:0f:06:b2:26:0a:c2:e2:d4:8a:50:d0:64:74:e4

t-3: Fetch received nothing.

File Provider Storage-3: Fetch received nothing.

File Provider Storage-2: Fetch received nothing.

File Provider Storage-5: Using SSH key ssh-rsa 4096 15:b3:0f:06:b2:26:0a:c2:e2:d4:8a:50:d0:64:74:e4

File Provider Storage-5: Fetch received nothing.